2013/11/19 18:08:04 [error] [exception.Exception] exception 'Exception' with message 'You haven't supplied a provider' in /var/www/ihfr_curation/protected/modules/hybridauth/controllers/DefaultController.php:35
Stack trace:
#0 /var/www/ihfr_curation/protected/modules/hybridauth/controllers/DefaultController.php(17): DefaultController->_doLogin()
#1 /var/www/ihfr_curation/framework/web/actions/CInlineAction.php(49): DefaultController->actionLogin()
#2 /var/www/ihfr_curation/framework/web/CController.php(308): CInlineAction->runWithParams(Array)
#3 /var/www/ihfr_curation/framework/web/CController.php(286): CController->runAction(Object(CInlineAction))
#4 /var/www/ihfr_curation/framework/web/CController.php(265): CController->runActionWithFilters(Object(CInlineAction), Array)
#5 /var/www/ihfr_curation/framework/web/CWebApplication.php(282): CController->run('login')
#6 /var/www/ihfr_curation/framework/web/CWebApplication.php(141): CWebApplication->runController('hybridauth/defa...')
#7 /var/www/ihfr_curation/framework/base/CApplication.php(169): CWebApplication->processRequest()
#8 /var/www/ihfr_curation/index.php(13): CApplication->run()
#9 {main}
REQUEST_URI=/ihfr_curation/index.php?r=hybridauth/default/login/?provider=openid
HTTP_REFERER=http://localhost/ihfr_curation/index.php?r=hybridauth
---
2013/11/19 18:08:18 [error] [exception.Exception] exception 'Exception' with message 'You haven't supplied a provider' in /var/www/ihfr_curation/protected/modules/hybridauth/controllers/DefaultController.php:35
Stack trace:
#0 /var/www/ihfr_curation/protected/modules/hybridauth/controllers/DefaultController.php(17): DefaultController->_doLogin()
#1 /var/www/ihfr_curation/framework/web/actions/CInlineAction.php(49): DefaultController->actionLogin()
#2 /var/www/ihfr_curation/framework/web/CController.php(308): CInlineAction->runWithParams(Array)
#3 /var/www/ihfr_curation/framework/web/CController.php(286): CController->runAction(Object(CInlineAction))
#4 /var/www/ihfr_curation/framework/web/CController.php(265): CController->runActionWithFilters(Object(CInlineAction), Array)
#5 /var/www/ihfr_curation/framework/web/CWebApplication.php(282): CController->run('login')
#6 /var/www/ihfr_curation/framework/web/CWebApplication.php(141): CWebApplication->runController('hybridauth/defa...')
#7 /var/www/ihfr_curation/framework/base/CApplication.php(169): CWebApplication->processRequest()
#8 /var/www/ihfr_curation/index.php(13): CApplication->run()
#9 {main}
REQUEST_URI=/ihfr_curation/index.php?r=hybridauth/default/login/?provider=openid
HTTP_REFERER=http://localhost/ihfr_curation/index.php?r=hybridauth
---
2013/11/19 18:09:55 [error] [exception.Exception] exception 'Exception' with message 'You haven't supplied a provider' in /var/www/ihfr_curation/protected/modules/hybridauth/controllers/DefaultController.php:35
Stack trace:
#0 /var/www/ihfr_curation/protected/modules/hybridauth/controllers/DefaultController.php(17): DefaultController->_doLogin()
#1 /var/www/ihfr_curation/framework/web/actions/CInlineAction.php(49): DefaultController->actionLogin()
#2 /var/www/ihfr_curation/framework/web/CController.php(308): CInlineAction->runWithParams(Array)
#3 /var/www/ihfr_curation/framework/web/CController.php(286): CController->runAction(Object(CInlineAction))
#4 /var/www/ihfr_curation/framework/web/CController.php(265): CController->runActionWithFilters(Object(CInlineAction), Array)
#5 /var/www/ihfr_curation/framework/web/CWebApplication.php(282): CController->run('login')
#6 /var/www/ihfr_curation/framework/web/CWebApplication.php(141): CWebApplication->runController('hybridauth/defa...')
#7 /var/www/ihfr_curation/framework/base/CApplication.php(169): CWebApplication->processRequest()
#8 /var/www/ihfr_curation/index.php(13): CApplication->run()
#9 {main}
REQUEST_URI=/ihfr_curation/index.php?r=hybridauth/default/login/provider=openid
HTTP_REFERER=http://localhost/ihfr_curation/index.php?r=hybridauth
---
2013/11/19 18:10:11 [error] [exception.Exception] exception 'Exception' with message 'You chose OpenID but didn't provide an OpenID identifier' in /var/www/ihfr_curation/protected/modules/hybridauth/components/RemoteUserIdentity.php:29
Stack trace:
#0 /var/www/ihfr_curation/protected/modules/hybridauth/controllers/DefaultController.php(44): RemoteUserIdentity->authenticate()
#1 /var/www/ihfr_curation/protected/modules/hybridauth/controllers/DefaultController.php(17): DefaultController->_doLogin()
#2 /var/www/ihfr_curation/framework/web/actions/CInlineAction.php(49): DefaultController->actionLogin()
#3 /var/www/ihfr_curation/framework/web/CController.php(308): CInlineAction->runWithParams(Array)
#4 /var/www/ihfr_curation/framework/web/CController.php(286): CController->runAction(Object(CInlineAction))
#5 /var/www/ihfr_curation/framework/web/CController.php(265): CController->runActionWithFilters(Object(CInlineAction), Array)
#6 /var/www/ihfr_curation/framework/web/CWebApplication.php(282): CController->run('login')
#7 /var/www/ihfr_curation/framework/web/CWebApplication.php(141): CWebApplication->runController('hybridauth/defa...')
#8 /var/www/ihfr_curation/framework/base/CApplication.php(169): CWebApplication->processRequest()
#9 /var/www/ihfr_curation/index.php(13): CApplication->run()
#10 {main}
REQUEST_URI=/ihfr_curation/index.php?r=hybridauth/default/login/&provider=openid
HTTP_REFERER=http://localhost/ihfr_curation/index.php?r=hybridauth
---
2013/11/19 18:10:31 [error] [php] require_once(/var/www/ihfr_curation/protected/modules/hybridauth/Hybrid/Providers/openid.php): failed to open stream: No such file or directory (/var/www/ihfr_curation/protected/modules/hybridauth/Hybrid/Provider_Adapter.php:79)
Stack trace:
#0 /var/www/ihfr_curation/protected/modules/hybridauth/Hybrid/Auth.php(220): setup()
#1 /var/www/ihfr_curation/protected/modules/hybridauth/components/RemoteUserIdentity.php(37): authenticate()
#2 /var/www/ihfr_curation/protected/modules/hybridauth/controllers/DefaultController.php(44): RemoteUserIdentity->authenticate()
#3 /var/www/ihfr_curation/protected/modules/hybridauth/controllers/DefaultController.php(17): DefaultController->_doLogin()
#4 /var/www/ihfr_curation/framework/web/actions/CInlineAction.php(49): DefaultController->actionLogin()
#5 /var/www/ihfr_curation/framework/web/CController.php(308): CInlineAction->runWithParams()
#6 /var/www/ihfr_curation/framework/web/CController.php(286): DefaultController->runAction()
#7 /var/www/ihfr_curation/framework/web/CController.php(265): DefaultController->runActionWithFilters()
#8 /var/www/ihfr_curation/framework/web/CWebApplication.php(282): DefaultController->run()
#9 /var/www/ihfr_curation/framework/web/CWebApplication.php(141): CWebApplication->runController()
#10 /var/www/ihfr_curation/framework/base/CApplication.php(169): CWebApplication->processRequest()
#11 /var/www/ihfr_curation/index.php(13): CWebApplication->run()
REQUEST_URI=/ihfr_curation/index.php?r=hybridauth/default/login/&provider=openid&openid-identity=robertgunze
in /var/www/ihfr_curation/protected/modules/hybridauth/Hybrid/Provider_Adapter.php (79)
in /var/www/ihfr_curation/protected/modules/hybridauth/Hybrid/Provider_Adapter.php (79)
in /var/www/ihfr_curation/protected/modules/hybridauth/Hybrid/Auth.php (275)
2013/11/19 18:11:01 [error] [exception.Exception] exception 'Exception' with message 'You chose OpenID but didn't provide an OpenID identifier' in /var/www/ihfr_curation/protected/modules/hybridauth/components/RemoteUserIdentity.php:29
Stack trace:
#0 /var/www/ihfr_curation/protected/modules/hybridauth/controllers/DefaultController.php(44): RemoteUserIdentity->authenticate()
#1 /var/www/ihfr_curation/protected/modules/hybridauth/controllers/DefaultController.php(17): DefaultController->_doLogin()
#2 /var/www/ihfr_curation/framework/web/actions/CInlineAction.php(49): DefaultController->actionLogin()
#3 /var/www/ihfr_curation/framework/web/CController.php(308): CInlineAction->runWithParams(Array)
#4 /var/www/ihfr_curation/framework/web/CController.php(286): CController->runAction(Object(CInlineAction))
#5 /var/www/ihfr_curation/framework/web/CController.php(265): CController->runActionWithFilters(Object(CInlineAction), Array)
#6 /var/www/ihfr_curation/framework/web/CWebApplication.php(282): CController->run('login')
#7 /var/www/ihfr_curation/framework/web/CWebApplication.php(141): CWebApplication->runController('hybridauth/defa...')
#8 /var/www/ihfr_curation/framework/base/CApplication.php(169): CWebApplication->processRequest()
#9 /var/www/ihfr_curation/index.php(13): CApplication->run()
#10 {main}
REQUEST_URI=/ihfr_curation/index.php?r=hybridauth/default/login/&provider=openid
HTTP_REFERER=http://localhost/ihfr_curation/index.php?r=hybridauth
---
2013/11/19 18:13:32 [error] [exception.Exception] exception 'Exception' with message 'You haven't supplied a provider' in /var/www/ihfr_curation/protected/modules/hybridauth/controllers/DefaultController.php:35
Stack trace:
#0 /var/www/ihfr_curation/protected/modules/hybridauth/controllers/DefaultController.php(17): DefaultController->_doLogin()
#1 /var/www/ihfr_curation/framework/web/actions/CInlineAction.php(49): DefaultController->actionLogin()
#2 /var/www/ihfr_curation/framework/web/CController.php(308): CInlineAction->runWithParams(Array)
#3 /var/www/ihfr_curation/framework/web/CController.php(286): CController->runAction(Object(CInlineAction))
#4 /var/www/ihfr_curation/framework/web/CController.php(265): CController->runActionWithFilters(Object(CInlineAction), Array)
#5 /var/www/ihfr_curation/framework/web/CWebApplication.php(282): CController->run('login')
#6 /var/www/ihfr_curation/framework/web/CWebApplication.php(141): CWebApplication->runController('hybridauth/defa...')
#7 /var/www/ihfr_curation/framework/base/CApplication.php(169): CWebApplication->processRequest()
#8 /var/www/ihfr_curation/index.php(13): CApplication->run()
#9 {main}
REQUEST_URI=/ihfr_curation/index.php?r=hybridauth/default/login/?provider=openid
HTTP_REFERER=http://localhost/ihfr_curation/index.php?r=hybridauth
---
2013/11/19 18:20:18 [error] [exception.Exception] exception 'Exception' with message 'You haven't supplied a provider' in /var/www/ihfr_curation/protected/modules/hybridauth/controllers/DefaultController.php:35
Stack trace:
#0 /var/www/ihfr_curation/protected/modules/hybridauth/controllers/DefaultController.php(17): DefaultController->_doLogin()
#1 /var/www/ihfr_curation/framework/web/actions/CInlineAction.php(49): DefaultController->actionLogin()
#2 /var/www/ihfr_curation/framework/web/CController.php(308): CInlineAction->runWithParams(Array)
#3 /var/www/ihfr_curation/framework/web/CController.php(286): CController->runAction(Object(CInlineAction))
#4 /var/www/ihfr_curation/framework/web/CController.php(265): CController->runActionWithFilters(Object(CInlineAction), Array)
#5 /var/www/ihfr_curation/framework/web/CWebApplication.php(282): CController->run('login')
#6 /var/www/ihfr_curation/framework/web/CWebApplication.php(141): CWebApplication->runController('hybridauth/defa...')
#7 /var/www/ihfr_curation/framework/base/CApplication.php(169): CWebApplication->processRequest()
#8 /var/www/ihfr_curation/index.php(13): CApplication->run()
#9 {main}
REQUEST_URI=/ihfr_curation/index.php?r=hybridauth/default/login/?provider=openid
HTTP_REFERER=http://localhost/ihfr_curation/index.php?r=hybridauth
---
2013/11/19 18:20:53 [error] [exception.CHttpException.404] exception 'CHttpException' with message 'The system is unable to find the requested action "signup".' in /var/www/ihfr_curation/framework/web/CController.php:483
Stack trace:
#0 /var/www/ihfr_curation/framework/web/CController.php(270): CController->missingAction('signup')
#1 /var/www/ihfr_curation/framework/web/CWebApplication.php(282): CController->run('signup')
#2 /var/www/ihfr_curation/framework/web/CWebApplication.php(141): CWebApplication->runController('hybridauth/defa...')
#3 /var/www/ihfr_curation/framework/base/CApplication.php(169): CWebApplication->processRequest()
#4 /var/www/ihfr_curation/index.php(13): CApplication->run()
#5 {main}
REQUEST_URI=/ihfr_curation/index.php?r=hybridauth/default/signup/?provider=openid
---
2013/11/20 12:29:51 [error] [php] Undefined index: id (/var/www/ihfr_curation/protected/views/curation/facility.php:5)
Stack trace:
#0 /var/www/ihfr_curation/framework/web/CController.php(869): CurationController->renderFile()
#1 /var/www/ihfr_curation/framework/web/CController.php(782): CurationController->renderPartial()
#2 /var/www/ihfr_curation/protected/controllers/CurationController.php(29): CurationController->render()
#3 unknown(0): CurationController->actionViewFacility()
#4 /var/www/ihfr_curation/framework/web/actions/CAction.php(108): ReflectionMethod->invokeArgs()
#5 /var/www/ihfr_curation/framework/web/actions/CInlineAction.php(47): CInlineAction->runWithParamsInternal()
#6 /var/www/ihfr_curation/framework/web/CController.php(308): CInlineAction->runWithParams()
#7 /var/www/ihfr_curation/framework/web/filters/CFilterChain.php(133): CurationController->runAction()
#8 /var/www/ihfr_curation/framework/web/filters/CFilter.php(40): CFilterChain->run()
#9 /var/www/ihfr_curation/framework/web/CController.php(1145): CAccessControlFilter->filter()
#10 /var/www/ihfr_curation/framework/web/filters/CInlineFilter.php(58): CurationController->filterAccessControl()
#11 /var/www/ihfr_curation/framework/web/filters/CFilterChain.php(130): CInlineFilter->filter()
#12 /var/www/ihfr_curation/framework/web/CController.php(291): CFilterChain->run()
#13 /var/www/ihfr_curation/framework/web/CController.php(265): CurationController->runActionWithFilters()
#14 /var/www/ihfr_curation/framework/web/CWebApplication.php(282): CurationController->run()
#15 /var/www/ihfr_curation/framework/web/CWebApplication.php(141): CWebApplication->runController()
#16 /var/www/ihfr_curation/framework/base/CApplication.php(169): CWebApplication->processRequest()
#17 /var/www/ihfr_curation/index.php(13): CWebApplication->run()
REQUEST_URI=/ihfr_curation/index.php?r=curation/viewFacility&id=104590
in /var/www/ihfr_curation/protected/views/curation/facility.php (5)
in /var/www/ihfr_curation/protected/controllers/CurationController.php (29)
in /var/www/ihfr_curation/index.php (13)
2013/11/21 11:58:27 [error] [exception.CException] exception 'CException' with message 'Property "ChangeRequestNote.requestedBy" is not defined.' in /var/www/ihfr_curation/framework/base/CComponent.php:130
Stack trace:
#0 /var/www/ihfr_curation/framework/db/ar/CActiveRecord.php(143): CComponent->__get('requestedBy')
#1 /var/www/ihfr_curation/protected/views/curation/_pendingRequestForm.php(20): CActiveRecord->__get('requestedBy')
#2 /var/www/ihfr_curation/framework/web/CBaseController.php(126): require('/var/www/ihfr_c...')
#3 /var/www/ihfr_curation/framework/web/CBaseController.php(95): CBaseController->renderInternal('/var/www/ihfr_c...', Array, true)
#4 /var/www/ihfr_curation/framework/web/CController.php(869): CBaseController->renderFile('/var/www/ihfr_c...', Array, true)
#5 /var/www/ihfr_curation/protected/views/curation/pending_requests.php(42): CController->renderPartial('_pendingRequest...', Array)
#6 /var/www/ihfr_curation/framework/web/CBaseController.php(126): require('/var/www/ihfr_c...')
#7 /var/www/ihfr_curation/framework/web/CBaseController.php(95): CBaseController->renderInternal('/var/www/ihfr_c...', Array, true)
#8 /var/www/ihfr_curation/framework/web/CController.php(869): CBaseController->renderFile('/var/www/ihfr_c...', Array, true)
#9 /var/www/ihfr_curation/framework/web/CController.php(782): CController->renderPartial('pending_request...', Array, true)
#10 /var/www/ihfr_curation/protected/controllers/CurationController.php(151): CController->render('pending_request...', Array)
#11 /var/www/ihfr_curation/framework/web/actions/CInlineAction.php(49): CurationController->actionPendingRequests()
#12 /var/www/ihfr_curation/framework/web/CController.php(308): CInlineAction->runWithParams(Array)
#13 /var/www/ihfr_curation/framework/web/filters/CFilterChain.php(133): CController->runAction(Object(CInlineAction))
#14 /var/www/ihfr_curation/framework/web/filters/CFilter.php(40): CFilterChain->run()
#15 /var/www/ihfr_curation/framework/web/CController.php(1145): CFilter->filter(Object(CFilterChain))
#16 /var/www/ihfr_curation/framework/web/filters/CInlineFilter.php(58): CController->filterAccessControl(Object(CFilterChain))
#17 /var/www/ihfr_curation/framework/web/filters/CFilterChain.php(130): CInlineFilter->filter(Object(CFilterChain))
#18 /var/www/ihfr_curation/framework/web/CController.php(291): CFilterChain->run()
#19 /var/www/ihfr_curation/framework/web/CController.php(265): CController->runActionWithFilters(Object(CInlineAction), Array)
#20 /var/www/ihfr_curation/framework/web/CWebApplication.php(282): CController->run('pendingRequests')
#21 /var/www/ihfr_curation/framework/web/CWebApplication.php(141): CWebApplication->runController('curation/pendin...')
#22 /var/www/ihfr_curation/framework/base/CApplication.php(169): CWebApplication->processRequest()
#23 /var/www/ihfr_curation/index.php(13): CApplication->run()
#24 {main}
REQUEST_URI=/ihfr_curation/index.php?r=curation/pendingRequests
HTTP_REFERER=http://localhost/ihfr_curation/index.php?r=curation/pendingRequests
---
2013/11/21 12:16:12 [error] [exception.CException] exception 'CException' with message 'Property "Position.name" is not defined.' in /var/www/ihfr_curation/framework/base/CComponent.php:130
Stack trace:
#0 /var/www/ihfr_curation/framework/db/ar/CActiveRecord.php(143): CComponent->__get('name')
#1 /var/www/ihfr_curation/protected/models/User.php(110): CActiveRecord->__get('name')
#2 /var/www/ihfr_curation/protected/views/curation/_pendingRequestForm.php(20): User::getUserSignature('1')
#3 /var/www/ihfr_curation/framework/web/CBaseController.php(126): require('/var/www/ihfr_c...')
#4 /var/www/ihfr_curation/framework/web/CBaseController.php(95): CBaseController->renderInternal('/var/www/ihfr_c...', Array, true)
#5 /var/www/ihfr_curation/framework/web/CController.php(869): CBaseController->renderFile('/var/www/ihfr_c...', Array, true)
#6 /var/www/ihfr_curation/protected/views/curation/pending_requests.php(42): CController->renderPartial('_pendingRequest...', Array)
#7 /var/www/ihfr_curation/framework/web/CBaseController.php(126): require('/var/www/ihfr_c...')
#8 /var/www/ihfr_curation/framework/web/CBaseController.php(95): CBaseController->renderInternal('/var/www/ihfr_c...', Array, true)
#9 /var/www/ihfr_curation/framework/web/CController.php(869): CBaseController->renderFile('/var/www/ihfr_c...', Array, true)
#10 /var/www/ihfr_curation/framework/web/CController.php(782): CController->renderPartial('pending_request...', Array, true)
#11 /var/www/ihfr_curation/protected/controllers/CurationController.php(151): CController->render('pending_request...', Array)
#12 /var/www/ihfr_curation/framework/web/actions/CInlineAction.php(49): CurationController->actionPendingRequests()
#13 /var/www/ihfr_curation/framework/web/CController.php(308): CInlineAction->runWithParams(Array)
#14 /var/www/ihfr_curation/framework/web/filters/CFilterChain.php(133): CController->runAction(Object(CInlineAction))
#15 /var/www/ihfr_curation/framework/web/filters/CFilter.php(40): CFilterChain->run()
#16 /var/www/ihfr_curation/framework/web/CController.php(1145): CFilter->filter(Object(CFilterChain))
#17 /var/www/ihfr_curation/framework/web/filters/CInlineFilter.php(58): CController->filterAccessControl(Object(CFilterChain))
#18 /var/www/ihfr_curation/framework/web/filters/CFilterChain.php(130): CInlineFilter->filter(Object(CFilterChain))
#19 /var/www/ihfr_curation/framework/web/CController.php(291): CFilterChain->run()
#20 /var/www/ihfr_curation/framework/web/CController.php(265): CController->runActionWithFilters(Object(CInlineAction), Array)
#21 /var/www/ihfr_curation/framework/web/CWebApplication.php(282): CController->run('pendingRequests')
#22 /var/www/ihfr_curation/framework/web/CWebApplication.php(141): CWebApplication->runController('curation/pendin...')
#23 /var/www/ihfr_curation/framework/base/CApplication.php(169): CWebApplication->processRequest()
#24 /var/www/ihfr_curation/index.php(13): CApplication->run()
#25 {main}
REQUEST_URI=/ihfr_curation/index.php?r=curation/pendingRequests
HTTP_REFERER=http://localhost/ihfr_curation/index.php?r=curation/pendingRequests
---
2013/11/21 12:17:01 [error] [exception.CException] exception 'CException' with message 'Property "User.organisation" is not defined.' in /var/www/ihfr_curation/framework/base/CComponent.php:130
Stack trace:
#0 /var/www/ihfr_curation/framework/db/ar/CActiveRecord.php(143): CComponent->__get('organisation')
#1 /var/www/ihfr_curation/protected/models/User.php(110): CActiveRecord->__get('organisation')
#2 /var/www/ihfr_curation/protected/views/curation/_pendingRequestForm.php(20): User::getUserSignature('1')
#3 /var/www/ihfr_curation/framework/web/CBaseController.php(126): require('/var/www/ihfr_c...')
#4 /var/www/ihfr_curation/framework/web/CBaseController.php(95): CBaseController->renderInternal('/var/www/ihfr_c...', Array, true)
#5 /var/www/ihfr_curation/framework/web/CController.php(869): CBaseController->renderFile('/var/www/ihfr_c...', Array, true)
#6 /var/www/ihfr_curation/protected/views/curation/pending_requests.php(42): CController->renderPartial('_pendingRequest...', Array)
#7 /var/www/ihfr_curation/framework/web/CBaseController.php(126): require('/var/www/ihfr_c...')
#8 /var/www/ihfr_curation/framework/web/CBaseController.php(95): CBaseController->renderInternal('/var/www/ihfr_c...', Array, true)
#9 /var/www/ihfr_curation/framework/web/CController.php(869): CBaseController->renderFile('/var/www/ihfr_c...', Array, true)
#10 /var/www/ihfr_curation/framework/web/CController.php(782): CController->renderPartial('pending_request...', Array, true)
#11 /var/www/ihfr_curation/protected/controllers/CurationController.php(151): CController->render('pending_request...', Array)
#12 /var/www/ihfr_curation/framework/web/actions/CInlineAction.php(49): CurationController->actionPendingRequests()
#13 /var/www/ihfr_curation/framework/web/CController.php(308): CInlineAction->runWithParams(Array)
#14 /var/www/ihfr_curation/framework/web/filters/CFilterChain.php(133): CController->runAction(Object(CInlineAction))
#15 /var/www/ihfr_curation/framework/web/filters/CFilter.php(40): CFilterChain->run()
#16 /var/www/ihfr_curation/framework/web/CController.php(1145): CFilter->filter(Object(CFilterChain))
#17 /var/www/ihfr_curation/framework/web/filters/CInlineFilter.php(58): CController->filterAccessControl(Object(CFilterChain))
#18 /var/www/ihfr_curation/framework/web/filters/CFilterChain.php(130): CInlineFilter->filter(Object(CFilterChain))
#19 /var/www/ihfr_curation/framework/web/CController.php(291): CFilterChain->run()
#20 /var/www/ihfr_curation/framework/web/CController.php(265): CController->runActionWithFilters(Object(CInlineAction), Array)
#21 /var/www/ihfr_curation/framework/web/CWebApplication.php(282): CController->run('pendingRequests')
#22 /var/www/ihfr_curation/framework/web/CWebApplication.php(141): CWebApplication->runController('curation/pendin...')
#23 /var/www/ihfr_curation/framework/base/CApplication.php(169): CWebApplication->processRequest()
#24 /var/www/ihfr_curation/index.php(13): CApplication->run()
#25 {main}
REQUEST_URI=/ihfr_curation/index.php?r=curation/pendingRequests
HTTP_REFERER=http://localhost/ihfr_curation/index.php?r=curation/pendingRequests
---
